<?xml version="1.0" encoding="UTF-8"?>
<!-- Generated by org.testng.reporters.JUnitXMLReporter -->
<testsuite ignored="1" hostname="LAPTOP-EAUKGIIR" failures="0" tests="1" name="OrangeHrmTest" time="87.926" errors="0" timestamp="2024-10-24T19:06:31 IST">
  <testcase classname="testcases.OrangeHrmTestCases" name="updatePersonalDetails" time="87.48"/>
  <testcase classname="testcases.OrangeHrmTestCases" name="checkLoginLogoutFunctionaliy" time="0.0">
    <ignored/>
  </testcase> <!-- checkLoginLogoutFunctionaliy -->
</testsuite> <!-- OrangeHrmTest -->
