<?xml version="1.0" encoding="UTF-8"?>
<testng-results ignored="1" total="2" passed="1" failed="0" skipped="0">
  <reporter-output>
  </reporter-output>
  <suite started-at="2024-10-24T19:05:03 IST" name="OrangeHrmSuite" finished-at="2024-10-24T19:06:31 IST" duration-ms="87926">
    <groups>
    </groups>
    <test started-at="2024-10-24T19:05:03 IST" name="OrangeHrmTest" finished-at="2024-10-24T19:06:31 IST" duration-ms="87926">
      <class name="testcases.OrangeHrmTestCases">
        <test-method signature="updatePersonalDetails(java.lang.String,java.lang.String)[pri:0, instance:testcases.OrangeHrmTestCases@791f145a]" started-at="2024-10-24T19:05:04 IST" name="updatePersonalDetails" finished-at="2024-10-24T19:06:31 IST" duration-ms="87480" status="PASS">
          <params>
            <param index="0">
              <value>
                <![CDATA[chrome]]>
              </value>
            </param>
            <param index="1">
              <value>
                <![CDATA[orangehrm]]>
              </value>
            </param>
          </params>
          <reporter-output>
          </reporter-output>
        </test-method> <!-- updatePersonalDetails -->
        <test-method is-config="true" signature="teardown()[pri:0, instance:testcases.OrangeHrmTestCases@791f145a]" started-at="2024-10-24T19:06:31 IST" name="teardown" finished-at="2024-10-24T19:06:31 IST" duration-ms="378" status="PASS">
          <reporter-output>
          </reporter-output>
        </test-method> <!-- teardown -->
      </class> <!-- testcases.OrangeHrmTestCases -->
    </test> <!-- OrangeHrmTest -->
  </suite> <!-- OrangeHrmSuite -->
</testng-results>
